# JRE version: OpenJDK Runtime Environment (8.0_392-b08) (build 1.8.0_392-b08)
# Java VM: OpenJDK 64-Bit Server VM (25.392-b08 mixed mode bsd-amd64 compressed oops)
Heap:
 PSYoungGen      total 147968K, used 110417K [0x00000007aab00000, 0x00000007b7700000, 0x00000007c0000000)
  eden space 93184K, 94% used [0x00000007aab00000,0x00000007b0103c08,0x00000007b0600000)
  from space 54784K, 40% used [0x00000007b0600000,0x00000007b1bd0ae8,0x00000007b3b80000)
  to   space 51712K, 0% used [0x00000007b4480000,0x00000007b4480000,0x00000007b7700000)
 ParOldGen       total 181248K, used 96325K [0x0000000780000000, 0x000000078b100000, 0x00000007aab00000)
  object space 181248K, 53% used [0x0000000780000000,0x0000000785e11570,0x000000078b100000)
 Metaspace       used 69074K, capacity 72204K, committed 72424K, reserved 1110016K
  class space    used 10568K, capacity 11433K, committed 11496K, reserved 1048576K
GC Heap History (10 events):
Event: 76.126 GC heap before
{Heap before GC invocations=28 (full 6):
 PSYoungGen      total 117248K, used 104328K [0x00000007aab00000, 0x00000007b5980000, 0x00000007c0000000)
  eden space 73728K, 95% used [0x00000007aab00000,0x00000007af01aff8,0x00000007af300000)
  from space 43520K, 77% used [0x00000007af300000,0x00000007b13c7178,0x00000007b1d80000)
  to   space 47616K, 0% used [0x00000007b2b00000,0x00000007b2b00000,0x00000007b5980000)
 ParOldGen       total 162304K, used 122508K [0x0000000780000000, 0x0000000789e80000, 0x00000007aab00000)
  object space 162304K, 75% used [0x0000000780000000,0x00000007877a30a0,0x0000000789e80000)
 Metaspace       used 66820K, capacity 70032K, committed 70248K, reserved 1107968K
  class space    used 10325K, capacity 11233K, committed 11368K, reserved 1048576K
Event: 76.140 GC heap after
Heap after GC invocations=28 (full 6):
 PSYoungGen      total 124928K, used 40827K [0x00000007aab00000, 0x00000007b6e00000, 0x00000007c0000000)
  eden space 77312K, 0% used [0x00000007aab00000,0x00000007aab00000,0x00000007af680000)
  from space 47616K, 85% used [0x00000007b2b00000,0x00000007b52defd8,0x00000007b5980000)
  to   space 53760K, 0% used [0x00000007af680000,0x00000007af680000,0x00000007b2b00000)
 ParOldGen       total 162304K, used 142618K [0x0000000780000000, 0x0000000789e80000, 0x00000007aab00000)
  object space 162304K, 87% used [0x0000000780000000,0x0000000788b46970,0x0000000789e80000)
 Metaspace       used 66820K, capacity 70032K, committed 70248K, reserved 1107968K
  class space    used 10325K, capacity 11233K, committed 11368K, reserved 1048576K
}
Event: 76.140 GC heap before
{Heap before GC invocations=29 (full 7):
 PSYoungGen      total 124928K, used 40827K [0x00000007aab00000, 0x00000007b6e00000, 0x00000007c0000000)
  eden space 77312K, 0% used [0x00000007aab00000,0x00000007aab00000,0x00000007af680000)
  from space 47616K, 85% used [0x00000007b2b00000,0x00000007b52defd8,0x00000007b5980000)
  to   space 53760K, 0% used [0x00000007af680000,0x00000007af680000,0x00000007b2b00000)
 ParOldGen       total 162304K, used 142618K [0x0000000780000000, 0x0000000789e80000, 0x00000007aab00000)
  object space 162304K, 87% used [0x0000000780000000,0x0000000788b46970,0x0000000789e80000)
 Metaspace       used 66820K, capacity 70032K, committed 70248K, reserved 1107968K
  class space    used 10325K, capacity 11233K, committed 11368K, reserved 1048576K
Event: 76.221 GC heap after
Heap after GC invocations=29 (full 7):
 PSYoungGen      total 124928K, used 0K [0x00000007aab00000, 0x00000007b6e00000, 0x00000007c0000000)
  eden space 77312K, 0% used [0x00000007aab00000,0x00000007aab00000,0x00000007af680000)
  from space 47616K, 0% used [0x00000007b2b00000,0x00000007b2b00000,0x00000007b5980000)
  to   space 53760K, 0% used [0x00000007af680000,0x00000007af680000,0x00000007b2b00000)
 ParOldGen       total 181248K, used 96317K [0x0000000780000000, 0x000000078b100000, 0x00000007aab00000)
  object space 181248K, 53% used [0x0000000780000000,0x0000000785e0f570,0x000000078b100000)
 Metaspace       used 66820K, capacity 70032K, committed 70248K, reserved 1107968K
  class space    used 10325K, capacity 11233K, committed 11368K, reserved 1048576K
}
Event: 76.376 GC heap before
{Heap before GC invocations=30 (full 7):
 PSYoungGen      total 124928K, used 77312K [0x00000007aab00000, 0x00000007b6e00000, 0x00000007c0000000)
  eden space 77312K, 100% used [0x00000007aab00000,0x00000007af680000,0x00000007af680000)
  from space 47616K, 0% used [0x00000007b2b00000,0x00000007b2b00000,0x00000007b5980000)
  to   space 53760K, 0% used [0x00000007af680000,0x00000007af680000,0x00000007b2b00000)
 ParOldGen       total 181248K, used 96317K [0x0000000780000000, 0x000000078b100000, 0x00000007aab00000)
  object space 181248K, 53% used [0x0000000780000000,0x0000000785e0f570,0x000000078b100000)
 Metaspace       used 67141K, capacity 70384K, committed 70760K, reserved 1107968K
  class space    used 10366K, capacity 11265K, committed 11368K, reserved 1048576K
Event: 76.380 GC heap after
Heap after GC invocations=30 (full 7):
 PSYoungGen      total 131072K, used 39110K [0x00000007aab00000, 0x00000007b7900000, 0x00000007c0000000)
  eden space 77312K, 0% used [0x00000007aab00000,0x00000007aab00000,0x00000007af680000)
  from space 53760K, 72% used [0x00000007af680000,0x00000007b1cb18e0,0x00000007b2b00000)
  to   space 57856K, 0% used [0x00000007b4080000,0x00000007b4080000,0x00000007b7900000)
 ParOldGen       total 181248K, used 96317K [0x0000000780000000, 0x000000078b100000, 0x00000007aab00000)
  object space 181248K, 53% used [0x0000000780000000,0x0000000785e0f570,0x000000078b100000)
 Metaspace       used 67141K, capacity 70384K, committed 70760K, reserved 1107968K
  class space    used 10366K, capacity 11265K, committed 11368K, reserved 1048576K
}
Event: 81.021 GC heap before
{Heap before GC invocations=31 (full 7):
 PSYoungGen      total 131072K, used 116422K [0x00000007aab00000, 0x00000007b7900000, 0x00000007c0000000)
  eden space 77312K, 100% used [0x00000007aab00000,0x00000007af680000,0x00000007af680000)
  from space 53760K, 72% used [0x00000007af680000,0x00000007b1cb18e0,0x00000007b2b00000)
  to   space 57856K, 0% used [0x00000007b4080000,0x00000007b4080000,0x00000007b7900000)
 ParOldGen       total 181248K, used 96317K [0x0000000780000000, 0x000000078b100000, 0x00000007aab00000)
  object space 181248K, 53% used [0x0000000780000000,0x0000000785e0f570,0x000000078b100000)
 Metaspace       used 67370K, capacity 70554K, committed 70760K, reserved 1107968K
  class space    used 10380K, capacity 11298K, committed 11368K, reserved 1048576K
Event: 81.028 GC heap after
Heap after GC invocations=31 (full 7):
 PSYoungGen      total 142848K, used 21442K [0x00000007aab00000, 0x00000007b7100000, 0x00000007c0000000)
  eden space 93184K, 0% used [0x00000007aab00000,0x00000007aab00000,0x00000007b0600000)
  from space 49664K, 43% used [0x00000007b4080000,0x00000007b5570ae8,0x00000007b7100000)
  to   space 54784K, 0% used [0x00000007b0600000,0x00000007b0600000,0x00000007b3b80000)
 ParOldGen       total 181248K, used 96325K [0x0000000780000000, 0x000000078b100000, 0x00000007aab00000)
  object space 181248K, 53% used [0x0000000780000000,0x0000000785e11570,0x000000078b100000)
 Metaspace       used 67370K, capacity 70554K, committed 70760K, reserved 1107968K
  class space    used 10380K, capacity 11298K, committed 11368K, reserved 1048576K
}
Event: 102.295 GC heap before
{Heap before GC invocations=32 (full 7):
 PSYoungGen      total 142848K, used 114626K [0x00000007aab00000, 0x00000007b7100000, 0x00000007c0000000)
  eden space 93184K, 100% used [0x00000007aab00000,0x00000007b0600000,0x00000007b0600000)
  from space 49664K, 43% used [0x00000007b4080000,0x00000007b5570ae8,0x00000007b7100000)
  to   space 54784K, 0% used [0x00000007b0600000,0x00000007b0600000,0x00000007b3b80000)
 ParOldGen       total 181248K, used 96325K [0x0000000780000000, 0x000000078b100000, 0x00000007aab00000)
  object space 181248K, 53% used [0x0000000780000000,0x0000000785e11570,0x000000078b100000)
 Metaspace       used 68500K, capacity 71606K, committed 71912K, reserved 1110016K
  class space    used 10520K, capacity 11430K, committed 11496K, reserved 1048576K
Event: 102.299 GC heap after
Heap after GC invocations=32 (full 7):
 PSYoungGen      total 147968K, used 22338K [0x00000007aab00000, 0x00000007b7700000, 0x00000007c0000000)
  eden space 93184K, 0% used [0x00000007aab00000,0x00000007aab00000,0x00000007b0600000)
  from space 54784K, 40% used [0x00000007b0600000,0x00000007b1bd0ae8,0x00000007b3b80000)
  to   space 51712K, 0% used [0x00000007b4480000,0x00000007b4480000,0x00000007b7700000)
 ParOldGen       total 181248K, used 96325K [0x0000000780000000, 0x000000078b100000, 0x00000007aab00000)
  object space 181248K, 53% used [0x0000000780000000,0x0000000785e11570,0x000000078b100000)
 Metaspace       used 68500K, capacity 71606K, committed 71912K, reserved 1110016K
  class space    used 10520K, capacity 11430K, committed 11496K, reserved 1048576K
}

